ads/build/intermediates/manifest_merge_blame_file/debug/processDebugManifest/manifest-merger-blame-debug-report.txt
1<?xml version="1.0" encoding="utf-8"?>
2<manifest xmlns:android="http://schemas.android.com/apk/res/android"
3    package="com.ads.module" >
4
5    <uses-sdk android:minSdkVersion="24" />
6
7    <uses-permission android:name="android.permission.INTERNET" />
7-->src\main\AndroidManifest.xml:5:5-67
7-->src\main\AndroidManifest.xml:5:22-64
8    <uses-permission android:name="android.permission.ACCESS_NETWORK_STATE" />
8-->src\main\AndroidManifest.xml:6:5-79
8-->src\main\AndroidManifest.xml:6:22-76
9    <uses-permission android:name="android.permission.WAKE_LOCK" />
9-->src\main\AndroidManifest.xml:7:5-68
9-->src\main\AndroidManifest.xml:7:22-65
10    <uses-permission android:name="com.google.android.gms.permission.AD_ID" />
10-->src\main\AndroidManifest.xml:8:5-79
10-->src\main\AndroidManifest.xml:8:22-76
11
12    <application android:networkSecurityConfig="@xml/network_security_config" >
12-->src\main\AndroidManifest.xml:10:5-26:19
12-->src\main\AndroidManifest.xml:10:18-78
13        <receiver
13-->src\main\AndroidManifest.xml:11:9-18:20
14            android:name="com.adjust.sdk.AdjustReferrerReceiver"
14-->src\main\AndroidManifest.xml:12:13-65
15            android:exported="true"
15-->src\main\AndroidManifest.xml:13:13-36
16            android:permission="android.permission.INSTALL_PACKAGES" >
16-->src\main\AndroidManifest.xml:14:13-69
17            <intent-filter>
17-->src\main\AndroidManifest.xml:15:13-17:29
18                <action android:name="com.android.vending.INSTALL_REFERRER" />
18-->src\main\AndroidManifest.xml:16:17-79
18-->src\main\AndroidManifest.xml:16:25-76
19            </intent-filter>
20        </receiver>
21
22        <meta-data
22-->src\main\AndroidManifest.xml:20:9-22:36
23            android:name="com.google.android.gms.ads.flag.OPTIMIZE_INITIALIZATION"
23-->src\main\AndroidManifest.xml:21:13-83
24            android:value="true" />
24-->src\main\AndroidManifest.xml:22:13-33
25        <meta-data
25-->src\main\AndroidManifest.xml:23:9-25:36
26            android:name="com.google.android.gms.ads.flag.OPTIMIZE_AD_LOADING"
26-->src\main\AndroidManifest.xml:24:13-79
27            android:value="true" />
27-->src\main\AndroidManifest.xml:25:13-33
28    </application>
29
30</manifest>